<?xml version="1.0" encoding="UTF-8"?>
<coverage generated="1736777981658" clover="3.2.0">
  <project timestamp="1736777981658" name="All files">
    <metrics statements="100" coveredstatements="100" conditionals="49" coveredconditionals="49" methods="16" coveredmethods="16" elements="165" coveredelements="165" complexity="0" loc="100" ncloc="100" packages="1" files="1" classes="1"/>
    <file name="unitTest.class.js" path="D:\Users\odilo\Documents\IMT Mines Ales\A2\Validation des logiciels\TP Tests Unitaires\src\unitTest.class.js">
      <metrics statements="100" coveredstatements="100" conditionals="49" coveredconditionals="49" methods="16" coveredmethods="16"/>
      <line num="7" count="1" type="stmt"/>
      <line num="10" count="1" type="stmt"/>
      <line num="11" count="3" type="cond" truecount="4" falsecount="0"/>
      <line num="12" count="2" type="stmt"/>
      <line num="15" count="1" type="stmt"/>
      <line num="19" count="1" type="cond" truecount="1" falsecount="0"/>
      <line num="20" count="14" type="stmt"/>
      <line num="22" count="14" type="cond" truecount="2" falsecount="0"/>
      <line num="23" count="1" type="stmt"/>
      <line num="26" count="13" type="stmt"/>
      <line num="27" count="89" type="stmt"/>
      <line num="30" count="13" type="stmt"/>
      <line num="34" count="2" type="stmt"/>
      <line num="37" count="1" type="stmt"/>
      <line num="38" count="2" type="stmt"/>
      <line num="40" count="2" type="stmt"/>
      <line num="41" count="7" type="stmt"/>
      <line num="44" count="2" type="stmt"/>
      <line num="48" count="1" type="stmt"/>
      <line num="49" count="3" type="cond" truecount="2" falsecount="0"/>
      <line num="50" count="2" type="stmt"/>
      <line num="53" count="1" type="stmt"/>
      <line num="57" count="1" type="stmt"/>
      <line num="58" count="21" type="cond" truecount="2" falsecount="0"/>
      <line num="59" count="2" type="stmt"/>
      <line num="62" count="19" type="cond" truecount="4" falsecount="0"/>
      <line num="63" count="12" type="stmt"/>
      <line num="66" count="7" type="stmt"/>
      <line num="70" count="1" type="stmt"/>
      <line num="71" count="1" type="stmt"/>
      <line num="72" count="1" type="stmt"/>
      <line num="74" count="1" type="stmt"/>
      <line num="75" count="26" type="stmt"/>
      <line num="78" count="1" type="stmt"/>
      <line num="83" count="1" type="stmt"/>
      <line num="84" count="2" type="stmt"/>
      <line num="86" count="2" type="stmt"/>
      <line num="87" count="3" type="stmt"/>
      <line num="90" count="2" type="stmt"/>
      <line num="94" count="1" type="stmt"/>
      <line num="95" count="5" type="stmt"/>
      <line num="97" count="5" type="stmt"/>
      <line num="98" count="32" type="stmt"/>
      <line num="100" count="32" type="cond" truecount="4" falsecount="0"/>
      <line num="101" count="15" type="stmt"/>
      <line num="103" count="32" type="cond" truecount="4" falsecount="0"/>
      <line num="104" count="8" type="stmt"/>
      <line num="106" count="32" type="cond" truecount="4" falsecount="0"/>
      <line num="107" count="8" type="stmt"/>
      <line num="109" count="32" type="cond" truecount="2" falsecount="0"/>
      <line num="110" count="3" type="stmt"/>
      <line num="114" count="5" type="stmt"/>
      <line num="120" count="7" type="cond" truecount="2" falsecount="0"/>
      <line num="121" count="2" type="stmt"/>
      <line num="122" count="2" type="stmt"/>
      <line num="123" count="2" type="stmt"/>
      <line num="124" count="2" type="stmt"/>
      <line num="125" count="6" type="cond" truecount="2" falsecount="0"/>
      <line num="126" count="2" type="stmt"/>
      <line num="128" count="2" type="stmt"/>
      <line num="134" count="16" type="cond" truecount="2" falsecount="0"/>
      <line num="136" count="10" type="stmt"/>
      <line num="137" count="10" type="stmt"/>
      <line num="139" count="15" type="stmt"/>
      <line num="141" count="15" type="stmt"/>
      <line num="142" count="15" type="stmt"/>
      <line num="143" count="18" type="stmt"/>
      <line num="146" count="10" type="stmt"/>
      <line num="151" count="1" type="stmt"/>
      <line num="153" count="1" type="stmt"/>
      <line num="154" count="1" type="stmt"/>
      <line num="155" count="1" type="stmt"/>
      <line num="157" count="1" type="stmt"/>
      <line num="158" count="6" type="stmt"/>
      <line num="159" count="6" type="stmt"/>
      <line num="160" count="12" type="stmt"/>
      <line num="162" count="6" type="stmt"/>
      <line num="164" count="6" type="cond" truecount="2" falsecount="0"/>
      <line num="165" count="1" type="stmt"/>
      <line num="166" count="1" type="stmt"/>
      <line num="169" count="1" type="stmt"/>
      <line num="174" count="37652" type="stmt"/>
      <line num="175" count="163074" type="cond" truecount="4" falsecount="0"/>
      <line num="177" count="5609" type="stmt"/>
      <line num="178" count="5609" type="stmt"/>
      <line num="179" count="5609" type="stmt"/>
      <line num="180" count="15636" type="stmt"/>
      <line num="181" count="45420" type="cond" truecount="2" falsecount="0"/>
      <line num="184" count="4208" type="stmt"/>
      <line num="188" count="4209" type="stmt"/>
      <line num="189" count="16962" type="stmt"/>
      <line num="190" count="139258" type="cond" truecount="2" falsecount="0"/>
      <line num="191" count="4208" type="stmt"/>
      <line num="192" count="37652" type="cond" truecount="2" falsecount="0"/>
      <line num="193" count="4208" type="stmt"/>
      <line num="194" count="4208" type="cond" truecount="2" falsecount="0"/>
      <line num="195" count="51" type="stmt"/>
      <line num="197" count="4157" type="stmt"/>
      <line num="200" count="4157" type="stmt"/>
      <line num="204" count="1" type="stmt"/>
    </file>
  </project>
</coverage>
