{"D:\\Users\\odilo\\Documents\\IMT Mines Ales\\A2\\Validation des logiciels\\TP Tests Unitaires\\src\\unitTest.class.js": {"path":"D:\\Users\\odilo\\Documents\\IMT Mines Ales\\A2\\Validation des logiciels\\TP Tests Unitaires\\src\\unitTest.class.js","statementMap":{"0":{"start":{"line":7,"column":33},"end":{"line":7,"column":50}},"1":{"start":{"line":7,"column":42},"end":{"line":7,"column":50}},"2":{"start":{"line":10,"column":19},"end":{"line":16,"column":1}},"3":{"start":{"line":11,"column":2},"end":{"line":13,"column":3}},"4":{"start":{"line":12,"column":4},"end":{"line":12,"column":13}},"5":{"start":{"line":15,"column":2},"end":{"line":15,"column":15}},"6":{"start":{"line":19,"column":31},"end":{"line":31,"column":1}},"7":{"start":{"line":20,"column":14},"end":{"line":20,"column":15}},"8":{"start":{"line":22,"column":2},"end":{"line":24,"column":3}},"9":{"start":{"line":23,"column":4},"end":{"line":23,"column":17}},"10":{"start":{"line":26,"column":2},"end":{"line":28,"column":3}},"11":{"start":{"line":27,"column":4},"end":{"line":27,"column":12}},"12":{"start":{"line":30,"column":2},"end":{"line":30,"column":15}},"13":{"start":{"line":34,"column":34},"end":{"line":34,"column":68}},"14":{"start":{"line":34,"column":40},"end":{"line":34,"column":68}},"15":{"start":{"line":37,"column":32},"end":{"line":45,"column":1}},"16":{"start":{"line":38,"column":17},"end":{"line":38,"column":19}},"17":{"start":{"line":40,"column":2},"end":{"line":42,"column":3}},"18":{"start":{"line":40,"column":15},"end":{"line":40,"column":16}},"19":{"start":{"line":41,"column":4},"end":{"line":41,"column":23}},"20":{"start":{"line":44,"column":2},"end":{"line":44,"column":16}},"21":{"start":{"line":48,"column":32},"end":{"line":54,"column":1}},"22":{"start":{"line":49,"column":2},"end":{"line":51,"column":3}},"23":{"start":{"line":50,"column":4},"end":{"line":50,"column":22}},"24":{"start":{"line":53,"column":2},"end":{"line":53,"column":19}},"25":{"start":{"line":57,"column":20},"end":{"line":67,"column":1}},"26":{"start":{"line":58,"column":2},"end":{"line":60,"column":3}},"27":{"start":{"line":59,"column":4},"end":{"line":59,"column":13}},"28":{"start":{"line":62,"column":2},"end":{"line":64,"column":3}},"29":{"start":{"line":63,"column":4},"end":{"line":63,"column":13}},"30":{"start":{"line":66,"column":2},"end":{"line":66,"column":35}},"31":{"start":{"line":70,"column":42},"end":{"line":79,"column":1}},"32":{"start":{"line":71,"column":16},"end":{"line":71,"column":36}},"33":{"start":{"line":72,"column":21},"end":{"line":72,"column":23}},"34":{"start":{"line":74,"column":2},"end":{"line":76,"column":3}},"35":{"start":{"line":74,"column":15},"end":{"line":74,"column":37}},"36":{"start":{"line":75,"column":4},"end":{"line":75,"column":33}},"37":{"start":{"line":78,"column":2},"end":{"line":78,"column":22}},"38":{"start":{"line":83,"column":33},"end":{"line":91,"column":1}},"39":{"start":{"line":84,"column":10},"end":{"line":84,"column":11}},"40":{"start":{"line":86,"column":2},"end":{"line":88,"column":3}},"41":{"start":{"line":87,"column":4},"end":{"line":87,"column":11}},"42":{"start":{"line":90,"column":2},"end":{"line":90,"column":11}},"43":{"start":{"line":94,"column":36},"end":{"line":115,"column":1}},"44":{"start":{"line":95,"column":18},"end":{"line":95,"column":20}},"45":{"start":{"line":97,"column":2},"end":{"line":112,"column":3}},"46":{"start":{"line":97,"column":15},"end":{"line":97,"column":16}},"47":{"start":{"line":98,"column":20},"end":{"line":98,"column":26}},"48":{"start":{"line":100,"column":4},"end":{"line":102,"column":5}},"49":{"start":{"line":101,"column":6},"end":{"line":101,"column":47}},"50":{"start":{"line":103,"column":4},"end":{"line":105,"column":5}},"51":{"start":{"line":104,"column":6},"end":{"line":104,"column":47}},"52":{"start":{"line":106,"column":4},"end":{"line":108,"column":5}},"53":{"start":{"line":107,"column":6},"end":{"line":107,"column":47}},"54":{"start":{"line":109,"column":4},"end":{"line":111,"column":5}},"55":{"start":{"line":110,"column":6},"end":{"line":110,"column":47}},"56":{"start":{"line":114,"column":2},"end":{"line":114,"column":26}},"57":{"start":{"line":120,"column":2},"end":{"line":120,"column":34}},"58":{"start":{"line":120,"column":23},"end":{"line":120,"column":34}},"59":{"start":{"line":121,"column":16},"end":{"line":121,"column":35}},"60":{"start":{"line":122,"column":15},"end":{"line":122,"column":17}},"61":{"start":{"line":123,"column":16},"end":{"line":123,"column":18}},"62":{"start":{"line":124,"column":2},"end":{"line":127,"column":3}},"63":{"start":{"line":124,"column":15},"end":{"line":124,"column":16}},"64":{"start":{"line":125,"column":4},"end":{"line":126,"column":28}},"65":{"start":{"line":125,"column":24},"end":{"line":125,"column":42}},"66":{"start":{"line":126,"column":9},"end":{"line":126,"column":28}},"67":{"start":{"line":128,"column":2},"end":{"line":128,"column":58}},"68":{"start":{"line":134,"column":2},"end":{"line":134,"column":36}},"69":{"start":{"line":134,"column":24},"end":{"line":134,"column":36}},"70":{"start":{"line":136,"column":15},"end":{"line":136,"column":17}},"71":{"start":{"line":137,"column":2},"end":{"line":145,"column":3}},"72":{"start":{"line":137,"column":15},"end":{"line":137,"column":16}},"73":{"start":{"line":139,"column":16},"end":{"line":139,"column":56}},"74":{"start":{"line":141,"column":17},"end":{"line":141,"column":32}},"75":{"start":{"line":142,"column":4},"end":{"line":144,"column":5}},"76":{"start":{"line":142,"column":17},"end":{"line":142,"column":18}},"77":{"start":{"line":143,"column":6},"end":{"line":143,"column":46}},"78":{"start":{"line":146,"column":2},"end":{"line":146,"column":16}},"79":{"start":{"line":151,"column":15},"end":{"line":151,"column":37}},"80":{"start":{"line":153,"column":21},"end":{"line":153,"column":37}},"81":{"start":{"line":154,"column":20},"end":{"line":154,"column":28}},"82":{"start":{"line":155,"column":29},"end":{"line":155,"column":31}},"83":{"start":{"line":157,"column":2},"end":{"line":168,"column":5}},"84":{"start":{"line":158,"column":25},"end":{"line":158,"column":26}},"85":{"start":{"line":159,"column":4},"end":{"line":161,"column":5}},"86":{"start":{"line":159,"column":17},"end":{"line":159,"column":18}},"87":{"start":{"line":160,"column":6},"end":{"line":160,"column":60}},"88":{"start":{"line":162,"column":4},"end":{"line":162,"column":70}},"89":{"start":{"line":164,"column":4},"end":{"line":167,"column":5}},"90":{"start":{"line":165,"column":6},"end":{"line":165,"column":35}},"91":{"start":{"line":166,"column":6},"end":{"line":166,"column":36}},"92":{"start":{"line":169,"column":2},"end":{"line":169,"column":47}},"93":{"start":{"line":174,"column":2},"end":{"line":176,"column":3}},"94":{"start":{"line":174,"column":15},"end":{"line":174,"column":16}},"95":{"start":{"line":175,"column":4},"end":{"line":175,"column":73}},"96":{"start":{"line":175,"column":60},"end":{"line":175,"column":73}},"97":{"start":{"line":177,"column":19},"end":{"line":177,"column":44}},"98":{"start":{"line":178,"column":19},"end":{"line":178,"column":42}},"99":{"start":{"line":179,"column":2},"end":{"line":183,"column":3}},"100":{"start":{"line":179,"column":15},"end":{"line":179,"column":23}},"101":{"start":{"line":180,"column":4},"end":{"line":182,"column":5}},"102":{"start":{"line":180,"column":17},"end":{"line":180,"column":25}},"103":{"start":{"line":181,"column":6},"end":{"line":181,"column":45}},"104":{"start":{"line":181,"column":32},"end":{"line":181,"column":45}},"105":{"start":{"line":184,"column":2},"end":{"line":184,"column":14}},"106":{"start":{"line":188,"column":2},"end":{"line":203,"column":3}},"107":{"start":{"line":188,"column":19},"end":{"line":188,"column":20}},"108":{"start":{"line":189,"column":4},"end":{"line":202,"column":5}},"109":{"start":{"line":189,"column":19},"end":{"line":189,"column":20}},"110":{"start":{"line":190,"column":6},"end":{"line":201,"column":7}},"111":{"start":{"line":191,"column":8},"end":{"line":199,"column":9}},"112":{"start":{"line":191,"column":23},"end":{"line":191,"column":24}},"113":{"start":{"line":192,"column":10},"end":{"line":198,"column":11}},"114":{"start":{"line":193,"column":12},"end":{"line":193,"column":37}},"115":{"start":{"line":194,"column":12},"end":{"line":196,"column":13}},"116":{"start":{"line":195,"column":14},"end":{"line":195,"column":26}},"117":{"start":{"line":197,"column":12},"end":{"line":197,"column":35}},"118":{"start":{"line":200,"column":8},"end":{"line":200,"column":21}},"119":{"start":{"line":204,"column":2},"end":{"line":204,"column":14}}},"fnMap":{"0":{"name":"(anonymous_0)","decl":{"start":{"line":7,"column":33},"end":{"line":7,"column":34}},"loc":{"start":{"line":7,"column":42},"end":{"line":7,"column":50}},"line":7},"1":{"name":"(anonymous_1)","decl":{"start":{"line":10,"column":19},"end":{"line":10,"column":20}},"loc":{"start":{"line":10,"column":29},"end":{"line":16,"column":1}},"line":10},"2":{"name":"(anonymous_2)","decl":{"start":{"line":19,"column":31},"end":{"line":19,"column":32}},"loc":{"start":{"line":19,"column":45},"end":{"line":31,"column":1}},"line":19},"3":{"name":"(anonymous_3)","decl":{"start":{"line":34,"column":34},"end":{"line":34,"column":35}},"loc":{"start":{"line":34,"column":40},"end":{"line":34,"column":68}},"line":34},"4":{"name":"(anonymous_4)","decl":{"start":{"line":37,"column":32},"end":{"line":37,"column":33}},"loc":{"start":{"line":37,"column":41},"end":{"line":45,"column":1}},"line":37},"5":{"name":"(anonymous_5)","decl":{"start":{"line":48,"column":32},"end":{"line":48,"column":33}},"loc":{"start":{"line":48,"column":41},"end":{"line":54,"column":1}},"line":48},"6":{"name":"(anonymous_6)","decl":{"start":{"line":57,"column":20},"end":{"line":57,"column":21}},"loc":{"start":{"line":57,"column":27},"end":{"line":67,"column":1}},"line":57},"7":{"name":"(anonymous_7)","decl":{"start":{"line":70,"column":42},"end":{"line":70,"column":43}},"loc":{"start":{"line":70,"column":48},"end":{"line":79,"column":1}},"line":70},"8":{"name":"(anonymous_8)","decl":{"start":{"line":83,"column":33},"end":{"line":83,"column":34}},"loc":{"start":{"line":83,"column":42},"end":{"line":91,"column":1}},"line":83},"9":{"name":"(anonymous_9)","decl":{"start":{"line":94,"column":36},"end":{"line":94,"column":37}},"loc":{"start":{"line":94,"column":45},"end":{"line":115,"column":1}},"line":94},"10":{"name":"quickSort","decl":{"start":{"line":119,"column":16},"end":{"line":119,"column":25}},"loc":{"start":{"line":119,"column":31},"end":{"line":129,"column":1}},"line":119},"11":{"name":"permuter","decl":{"start":{"line":133,"column":16},"end":{"line":133,"column":24}},"loc":{"start":{"line":133,"column":30},"end":{"line":147,"column":1}},"line":133},"12":{"name":"tspBrutForce","decl":{"start":{"line":149,"column":16},"end":{"line":149,"column":28}},"loc":{"start":{"line":149,"column":40},"end":{"line":170,"column":1}},"line":149},"13":{"name":"(anonymous_13)","decl":{"start":{"line":157,"column":23},"end":{"line":157,"column":24}},"loc":{"start":{"line":157,"column":35},"end":{"line":168,"column":3}},"line":157},"14":{"name":"estValide","decl":{"start":{"line":173,"column":16},"end":{"line":173,"column":25}},"loc":{"start":{"line":173,"column":51},"end":{"line":185,"column":1}},"line":173},"15":{"name":"resoudreSudoku","decl":{"start":{"line":187,"column":16},"end":{"line":187,"column":30}},"loc":{"start":{"line":187,"column":39},"end":{"line":205,"column":1}},"line":187}},"branchMap":{"0":{"loc":{"start":{"line":11,"column":2},"end":{"line":13,"column":3}},"type":"if","locations":[{"start":{"line":11,"column":2},"end":{"line":13,"column":3}},{"start":{},"end":{}}],"line":11},"1":{"loc":{"start":{"line":11,"column":6},"end":{"line":11,"column":52}},"type":"binary-expr","locations":[{"start":{"line":11,"column":6},"end":{"line":11,"column":27}},{"start":{"line":11,"column":31},"end":{"line":11,"column":52}}],"line":11},"2":{"loc":{"start":{"line":19,"column":32},"end":{"line":19,"column":40}},"type":"default-arg","locations":[{"start":{"line":19,"column":38},"end":{"line":19,"column":40}}],"line":19},"3":{"loc":{"start":{"line":22,"column":2},"end":{"line":24,"column":3}},"type":"if","locations":[{"start":{"line":22,"column":2},"end":{"line":24,"column":3}},{"start":{},"end":{}}],"line":22},"4":{"loc":{"start":{"line":49,"column":2},"end":{"line":51,"column":3}},"type":"if","locations":[{"start":{"line":49,"column":2},"end":{"line":51,"column":3}},{"start":{},"end":{}}],"line":49},"5":{"loc":{"start":{"line":58,"column":2},"end":{"line":60,"column":3}},"type":"if","locations":[{"start":{"line":58,"column":2},"end":{"line":60,"column":3}},{"start":{},"end":{}}],"line":58},"6":{"loc":{"start":{"line":62,"column":2},"end":{"line":64,"column":3}},"type":"if","locations":[{"start":{"line":62,"column":2},"end":{"line":64,"column":3}},{"start":{},"end":{}}],"line":62},"7":{"loc":{"start":{"line":62,"column":6},"end":{"line":62,"column":24}},"type":"binary-expr","locations":[{"start":{"line":62,"column":6},"end":{"line":62,"column":13}},{"start":{"line":62,"column":17},"end":{"line":62,"column":24}}],"line":62},"8":{"loc":{"start":{"line":100,"column":4},"end":{"line":102,"column":5}},"type":"if","locations":[{"start":{"line":100,"column":4},"end":{"line":102,"column":5}},{"start":{},"end":{}}],"line":100},"9":{"loc":{"start":{"line":100,"column":9},"end":{"line":100,"column":39}},"type":"binary-expr","locations":[{"start":{"line":100,"column":9},"end":{"line":100,"column":22}},{"start":{"line":100,"column":26},"end":{"line":100,"column":39}}],"line":100},"10":{"loc":{"start":{"line":103,"column":4},"end":{"line":105,"column":5}},"type":"if","locations":[{"start":{"line":103,"column":4},"end":{"line":105,"column":5}},{"start":{},"end":{}}],"line":103},"11":{"loc":{"start":{"line":103,"column":9},"end":{"line":103,"column":40}},"type":"binary-expr","locations":[{"start":{"line":103,"column":9},"end":{"line":103,"column":22}},{"start":{"line":103,"column":26},"end":{"line":103,"column":40}}],"line":103},"12":{"loc":{"start":{"line":106,"column":4},"end":{"line":108,"column":5}},"type":"if","locations":[{"start":{"line":106,"column":4},"end":{"line":108,"column":5}},{"start":{},"end":{}}],"line":106},"13":{"loc":{"start":{"line":106,"column":9},"end":{"line":106,"column":39}},"type":"binary-expr","locations":[{"start":{"line":106,"column":9},"end":{"line":106,"column":22}},{"start":{"line":106,"column":26},"end":{"line":106,"column":39}}],"line":106},"14":{"loc":{"start":{"line":109,"column":4},"end":{"line":111,"column":5}},"type":"if","locations":[{"start":{"line":109,"column":4},"end":{"line":111,"column":5}},{"start":{},"end":{}}],"line":109},"15":{"loc":{"start":{"line":120,"column":2},"end":{"line":120,"column":34}},"type":"if","locations":[{"start":{"line":120,"column":2},"end":{"line":120,"column":34}},{"start":{},"end":{}}],"line":120},"16":{"loc":{"start":{"line":125,"column":4},"end":{"line":126,"column":28}},"type":"if","locations":[{"start":{"line":125,"column":4},"end":{"line":126,"column":28}},{"start":{"line":126,"column":9},"end":{"line":126,"column":28}}],"line":125},"17":{"loc":{"start":{"line":134,"column":2},"end":{"line":134,"column":36}},"type":"if","locations":[{"start":{"line":134,"column":2},"end":{"line":134,"column":36}},{"start":{},"end":{}}],"line":134},"18":{"loc":{"start":{"line":164,"column":4},"end":{"line":167,"column":5}},"type":"if","locations":[{"start":{"line":164,"column":4},"end":{"line":167,"column":5}},{"start":{},"end":{}}],"line":164},"19":{"loc":{"start":{"line":175,"column":4},"end":{"line":175,"column":73}},"type":"if","locations":[{"start":{"line":175,"column":4},"end":{"line":175,"column":73}},{"start":{},"end":{}}],"line":175},"20":{"loc":{"start":{"line":175,"column":8},"end":{"line":175,"column":58}},"type":"binary-expr","locations":[{"start":{"line":175,"column":8},"end":{"line":175,"column":32}},{"start":{"line":175,"column":36},"end":{"line":175,"column":58}}],"line":175},"21":{"loc":{"start":{"line":181,"column":6},"end":{"line":181,"column":45}},"type":"if","locations":[{"start":{"line":181,"column":6},"end":{"line":181,"column":45}},{"start":{},"end":{}}],"line":181},"22":{"loc":{"start":{"line":190,"column":6},"end":{"line":201,"column":7}},"type":"if","locations":[{"start":{"line":190,"column":6},"end":{"line":201,"column":7}},{"start":{},"end":{}}],"line":190},"23":{"loc":{"start":{"line":192,"column":10},"end":{"line":198,"column":11}},"type":"if","locations":[{"start":{"line":192,"column":10},"end":{"line":198,"column":11}},{"start":{},"end":{}}],"line":192},"24":{"loc":{"start":{"line":194,"column":12},"end":{"line":196,"column":13}},"type":"if","locations":[{"start":{"line":194,"column":12},"end":{"line":196,"column":13}},{"start":{},"end":{}}],"line":194}},"s":{"0":1,"1":1,"2":1,"3":3,"4":2,"5":1,"6":1,"7":14,"8":14,"9":1,"10":13,"11":89,"12":13,"13":1,"14":2,"15":1,"16":2,"17":2,"18":2,"19":7,"20":2,"21":1,"22":3,"23":2,"24":1,"25":1,"26":21,"27":2,"28":19,"29":12,"30":7,"31":1,"32":1,"33":1,"34":1,"35":1,"36":26,"37":1,"38":1,"39":2,"40":2,"41":3,"42":2,"43":1,"44":5,"45":5,"46":5,"47":32,"48":32,"49":15,"50":32,"51":8,"52":32,"53":8,"54":32,"55":3,"56":5,"57":7,"58":5,"59":2,"60":2,"61":2,"62":2,"63":2,"64":6,"65":4,"66":2,"67":2,"68":16,"69":6,"70":10,"71":10,"72":10,"73":15,"74":15,"75":15,"76":15,"77":18,"78":10,"79":1,"80":1,"81":1,"82":1,"83":1,"84":6,"85":6,"86":6,"87":12,"88":6,"89":6,"90":1,"91":1,"92":1,"93":37652,"94":37652,"95":163074,"96":32043,"97":5609,"98":5609,"99":5609,"100":5609,"101":15636,"102":15636,"103":45420,"104":1401,"105":4208,"106":4209,"107":4209,"108":16962,"109":16962,"110":139258,"111":4208,"112":4208,"113":37652,"114":4208,"115":4208,"116":51,"117":4157,"118":4157,"119":1},"f":{"0":1,"1":3,"2":14,"3":2,"4":2,"5":3,"6":21,"7":1,"8":2,"9":5,"10":7,"11":16,"12":1,"13":6,"14":37652,"15":4209},"b":{"0":[2,1],"1":[3,2],"2":[1],"3":[1,13],"4":[2,1],"5":[2,19],"6":[12,7],"7":[19,14],"8":[15,17],"9":[32,20],"10":[8,24],"11":[32,12],"12":[8,24],"13":[32,28],"14":[3,29],"15":[5,2],"16":[4,2],"17":[6,10],"18":[1,5],"19":[32043,131031],"20":[163074,143722],"21":[1401,44019],"22":[4208,135050],"23":[4208,33444],"24":[51,4157]},"_coverageSchema":"1a1c01bbd47fc00a2c39e90264f33305004495a9","hash":"4f37e46f704f07e3e3f505e4d8ea577b4d09051b"}
}
