TN:
SF:src\unitTest.class.js
FN:7,(anonymous_0)
FN:10,(anonymous_1)
FN:19,(anonymous_2)
FN:34,(anonymous_3)
FN:37,(anonymous_4)
FN:48,(anonymous_5)
FN:57,(anonymous_6)
FN:70,(anonymous_7)
FN:83,(anonymous_8)
FN:94,(anonymous_9)
FN:119,quickSort
FN:133,permuter
FN:149,tspBrutForce
FN:157,(anonymous_13)
FN:173,estValide
FN:187,resoudreSudoku
FNF:16
FNH:16
FNDA:1,(anonymous_0)
FNDA:3,(anonymous_1)
FNDA:14,(anonymous_2)
FNDA:2,(anonymous_3)
FNDA:2,(anonymous_4)
FNDA:3,(anonymous_5)
FNDA:21,(anonymous_6)
FNDA:1,(anonymous_7)
FNDA:2,(anonymous_8)
FNDA:5,(anonymous_9)
FNDA:7,quickSort
FNDA:16,permuter
FNDA:1,tspBrutForce
FNDA:6,(anonymous_13)
FNDA:37652,estValide
FNDA:4209,resoudreSudoku
DA:7,1
DA:10,1
DA:11,3
DA:12,2
DA:15,1
DA:19,1
DA:20,14
DA:22,14
DA:23,1
DA:26,13
DA:27,89
DA:30,13
DA:34,2
DA:37,1
DA:38,2
DA:40,2
DA:41,7
DA:44,2
DA:48,1
DA:49,3
DA:50,2
DA:53,1
DA:57,1
DA:58,21
DA:59,2
DA:62,19
DA:63,12
DA:66,7
DA:70,1
DA:71,1
DA:72,1
DA:74,1
DA:75,26
DA:78,1
DA:83,1
DA:84,2
DA:86,2
DA:87,3
DA:90,2
DA:94,1
DA:95,5
DA:97,5
DA:98,32
DA:100,32
DA:101,15
DA:103,32
DA:104,8
DA:106,32
DA:107,8
DA:109,32
DA:110,3
DA:114,5
DA:120,7
DA:121,2
DA:122,2
DA:123,2
DA:124,2
DA:125,6
DA:126,2
DA:128,2
DA:134,16
DA:136,10
DA:137,10
DA:139,15
DA:141,15
DA:142,15
DA:143,18
DA:146,10
DA:151,1
DA:153,1
DA:154,1
DA:155,1
DA:157,1
DA:158,6
DA:159,6
DA:160,12
DA:162,6
DA:164,6
DA:165,1
DA:166,1
DA:169,1
DA:174,37652
DA:175,163074
DA:177,5609
DA:178,5609
DA:179,5609
DA:180,15636
DA:181,45420
DA:184,4208
DA:188,4209
DA:189,16962
DA:190,139258
DA:191,4208
DA:192,37652
DA:193,4208
DA:194,4208
DA:195,51
DA:197,4157
DA:200,4157
DA:204,1
LF:100
LH:100
BRDA:11,0,0,2
BRDA:11,0,1,1
BRDA:11,1,0,3
BRDA:11,1,1,2
BRDA:19,2,0,1
BRDA:22,3,0,1
BRDA:22,3,1,13
BRDA:49,4,0,2
BRDA:49,4,1,1
BRDA:58,5,0,2
BRDA:58,5,1,19
BRDA:62,6,0,12
BRDA:62,6,1,7
BRDA:62,7,0,19
BRDA:62,7,1,14
BRDA:100,8,0,15
BRDA:100,8,1,17
BRDA:100,9,0,32
BRDA:100,9,1,20
BRDA:103,10,0,8
BRDA:103,10,1,24
BRDA:103,11,0,32
BRDA:103,11,1,12
BRDA:106,12,0,8
BRDA:106,12,1,24
BRDA:106,13,0,32
BRDA:106,13,1,28
BRDA:109,14,0,3
BRDA:109,14,1,29
BRDA:120,15,0,5
BRDA:120,15,1,2
BRDA:125,16,0,4
BRDA:125,16,1,2
BRDA:134,17,0,6
BRDA:134,17,1,10
BRDA:164,18,0,1
BRDA:164,18,1,5
BRDA:175,19,0,32043
BRDA:175,19,1,131031
BRDA:175,20,0,163074
BRDA:175,20,1,143722
BRDA:181,21,0,1401
BRDA:181,21,1,44019
BRDA:190,22,0,4208
BRDA:190,22,1,135050
BRDA:192,23,0,4208
BRDA:192,23,1,33444
BRDA:194,24,0,51
BRDA:194,24,1,4157
BRF:49
BRH:49
end_of_record
